[2025-04-02 23:36:24] Failed to create user alice@example.com: HTTP 403
[2025-04-02 23:36:24] Skipped row due to missing fields (email): {'name': 'Bob', 'email': '', 'role': 'user'}
[2025-04-02 23:36:25] Failed to create user charlie@example.com: HTTP 403
[2025-04-02 23:41:20] Failed to create user alice@example.com: HTTP 403
[2025-04-02 23:41:20] Skipped row due to missing fields (email): {'name': 'Bob', 'email': '', 'role': 'user'}
[2025-04-02 23:41:20] Failed to create user charlie@example.com: HTTP 403
[2025-04-02 23:41:20] Skipped row due to missing fields (role): {'name': 'Gayan', 'email': 'gayan@example.com', 'role': ''}
[2025-04-02 23:41:20] Skipped row due to missing fields (name): {'name': '', 'email': 'chiran@example.com', 'role': 'user'}
[2025-04-02 23:47:41] Failed to create user alice@example.com: HTTP 403
[2025-04-02 23:47:41] Skipped row due to missing fields (email): {'name': 'Bob', 'email': '', 'role': 'user'}
[2025-04-02 23:47:42] Failed to create user charlie@example.com: HTTP 403
[2025-04-02 23:47:42] Skipped row due to missing fields (role): {'name': 'Gayan', 'email': 'gayan@example.com', 'role': ''}
[2025-04-02 23:47:42] Skipped row due to missing fields (name): {'name': '', 'email': 'chiran@example.com', 'role': 'user'}
[2025-04-02 23:49:55] Failed to create user alice@example.com: HTTP 403
[2025-04-02 23:49:55] Skipped row due to missing fields (email): {'name': 'Bob', 'email': '', 'role': 'user'}
[2025-04-02 23:49:56] Failed to create user charlie@example.com: HTTP 403
[2025-04-02 23:49:56] Skipped row due to missing fields (role): {'name': 'Gayan', 'email': 'gayan@example.com', 'role': ''}
[2025-04-02 23:49:56] Skipped row due to missing fields (name): {'name': '', 'email': 'chiran@example.com', 'role': 'user'}
[2025-04-02 23:57:52] User creation process started.
[2025-04-02 23:57:53] Failed to create user alice@example.com: HTTP 403
[2025-04-02 23:57:53] Skipped row due to missing fields (email): {'name': 'Bob', 'email': '', 'role': 'user'}
[2025-04-02 23:57:53] Failed to create user charlie@example.com: HTTP 403
[2025-04-02 23:57:53] Skipped row due to missing fields (role): {'name': 'Gayan', 'email': 'gayan@example.com', 'role': ''}
[2025-04-02 23:57:53] Skipped row due to missing fields (name): {'name': '', 'email': 'chiran@example.com', 'role': 'user'}
[2025-04-02 23:57:53] User creation process finished.
[2025-04-02 23:57:53] Total users attempted: 5
[2025-04-02 23:57:53] Users created successfully: 0
[2025-04-02 23:57:53] Users failed: 5
[2025-04-02 23:59:42] **********User creation process started.**********
[2025-04-02 23:59:43] Failed to create user alice@example.com: HTTP 403
[2025-04-02 23:59:43] Skipped row due to missing fields (email): {'name': 'Bob', 'email': '', 'role': 'user'}
[2025-04-02 23:59:44] Failed to create user charlie@example.com: HTTP 403
[2025-04-02 23:59:44] Skipped row due to missing fields (role): {'name': 'Gayan', 'email': 'gayan@example.com', 'role': ''}
[2025-04-02 23:59:44] Skipped row due to missing fields (name): {'name': '', 'email': 'chiran@example.com', 'role': 'user'}
[2025-04-02 23:59:44] User creation process finished.
[2025-04-02 23:59:44] Total users attempted: 5
[2025-04-02 23:59:44] Users created successfully: 0
[2025-04-02 23:59:44] Users failed: 5
[2025-04-03 00:02:24] ********** User creation process started. **********
[2025-04-03 00:02:25] Failed to create user alice@example.com: HTTP 403
[2025-04-03 00:02:25] Skipped row due to missing fields (email): {'name': 'Bob', 'email': '', 'role': 'user'}
[2025-04-03 00:02:26] Failed to create user charlie@example.com: HTTP 403
[2025-04-03 00:02:26] Skipped row due to missing fields (role): {'name': 'Gayan', 'email': 'gayan@example.com', 'role': ''}
[2025-04-03 00:02:26] Skipped row due to missing fields (name): {'name': '', 'email': 'chiran@example.com', 'role': 'user'}
[2025-04-03 00:02:26] ********** User creation process finished. **********
[2025-04-03 00:02:26] Total users attempted: 5
[2025-04-03 00:02:26] Users created successfully: 0
[2025-04-03 00:02:26] Users failed: 5
[2025-04-03 00:03:05] ********** User creation process started. **********
[2025-04-03 00:03:05] Failed to create user alice@example.com: HTTP 403
[2025-04-03 00:03:05] Skipped row due to missing fields (email): {'name': 'Bob', 'email': '', 'role': 'user'}
[2025-04-03 00:03:06] Failed to create user charlie@example.com: HTTP 403
[2025-04-03 00:03:06] Skipped row due to missing fields (role): {'name': 'Gayan', 'email': 'gayan@example.com', 'role': ''}
[2025-04-03 00:03:06] Skipped row due to missing fields (name): {'name': '', 'email': 'chiran@example.com', 'role': 'user'}
[2025-04-03 00:03:06] Skipped row due to invalid email format: Sithum$example.com
[2025-04-03 00:03:06] ********** User creation process finished. **********
[2025-04-03 00:03:06] Total users attempted: 6
[2025-04-03 00:03:06] Users created successfully: 0
[2025-04-03 00:03:06] Users failed: 6
[2025-04-03 00:07:04] ********** User creation process started. **********
[2025-04-03 00:07:05] Failed to create user alice@example.com: HTTP 403
[2025-04-03 00:07:05] Row 3: Skipped due to missing fields (email): {'name': 'Bob', 'email': '', 'role': 'user'}
[2025-04-03 00:07:06] Failed to create user charlie@example.com: HTTP 403
[2025-04-03 00:07:06] Row 5: Skipped due to missing fields (role): {'name': 'Gayan', 'email': 'gayan@example.com', 'role': ''}
[2025-04-03 00:07:06] Row 6: Skipped due to missing fields (name): {'name': '', 'email': 'chiran@example.com', 'role': 'user'}
[2025-04-03 00:07:06] Row 7: Skipped due to invalid email format: Sithum$example.com
[2025-04-03 00:07:06] ********** User creation process finished. **********
[2025-04-03 00:07:06] Total users attempted: 6
[2025-04-03 00:07:06] Users created successfully: 0
[2025-04-03 00:07:06] Users failed: 6
[2025-04-03 00:07:42] ********** User creation process started. **********
[2025-04-03 00:07:43] Failed to create user alice@example.com: HTTP 403
[2025-04-03 00:07:43] Row 3: Skipped due to missing fields (email): {'name': 'Bob', 'email': '', 'role': 'user'}
[2025-04-03 00:07:44] Failed to create user charlie@example.com: HTTP 403
[2025-04-03 00:07:44] Row 5: Skipped due to missing fields (role): {'name': 'Gayan', 'email': 'gayan@example.com', 'role': ''}
[2025-04-03 00:07:44] Row 6: Skipped due to missing fields (name): {'name': '', 'email': 'chiran@example.com', 'role': 'user'}
[2025-04-03 00:07:44] Row 7: Skipped due to invalid email format: Sithum$example.com
[2025-04-03 00:07:44] Row 8: Skipped due to invalid role 'guest'. Must be one of admin, moderator, user
[2025-04-03 00:07:44] ********** User creation process finished. **********
[2025-04-03 00:07:44] Total users attempted: 7
[2025-04-03 00:07:44] Users created successfully: 0
[2025-04-03 00:07:44] Users failed: 7
[2025-04-03 00:09:18] ********** User creation process started. **********
[2025-04-03 00:09:19] Row 2: Failed to create user alice@example.com: HTTP 403
[2025-04-03 00:09:19] Row 3: Skipped due to missing fields (email): {'name': 'Bob', 'email': '', 'role': 'user'}
[2025-04-03 00:09:20] Row 4: Failed to create user charlie@example.com: HTTP 403
[2025-04-03 00:09:20] Row 5: Skipped due to missing fields (role): {'name': 'Gayan', 'email': 'gayan@example.com', 'role': ''}
[2025-04-03 00:09:20] Row 6: Skipped due to missing fields (name): {'name': '', 'email': 'chiran@example.com', 'role': 'user'}
[2025-04-03 00:09:20] Row 7: Skipped due to invalid email format: Sithum$example.com
[2025-04-03 00:09:20] Row 8: Skipped due to invalid role 'guest'. Must be one of user, admin, moderator
[2025-04-03 00:09:20] ********** User creation process finished. **********
[2025-04-03 00:09:20] Total users attempted: 7
[2025-04-03 00:09:20] Users created successfully: 0
[2025-04-03 00:09:20] Users failed: 7
[2025-04-03 00:17:20] ********** User creation process started. **********
[2025-04-03 00:17:21] Row 2: Failed to create user alice@example.com: HTTP 403
[2025-04-03 00:17:21] Row 3: Skipped due to missing fields (email): {'name': 'Bob', 'email': '', 'role': 'user'}
[2025-04-03 00:17:22] Row 4: Failed to create user charlie@example.com: HTTP 403
[2025-04-03 00:17:22] Row 5: Skipped due to missing fields (role): {'name': 'Gayan', 'email': 'gayan@example.com', 'role': ''}
[2025-04-03 00:17:22] Row 6: Skipped due to missing fields (name): {'name': '', 'email': 'chiran@example.com', 'role': 'user'}
[2025-04-03 00:17:22] Row 7: Skipped due to invalid email format: Sithum$example.com
[2025-04-03 00:17:22] Row 8: Skipped due to invalid role 'guest'. Must be one of user, admin, moderator
[2025-04-03 00:17:22] ********** User creation process finished. **********
[2025-04-03 00:17:22] Total users attempted: 7
[2025-04-03 00:17:22] Users created successfully: 0
[2025-04-03 00:17:22] Users failed: 7
[2025-04-03 00:17:55] ********** User creation process started. **********
[2025-04-03 00:17:56] Row 2: Failed to create user alice@example.com: HTTP 403
[2025-04-03 00:17:56] Row 3: Skipped due to missing fields (email): {'name': 'Bob', 'email': '', 'role': 'user'}
[2025-04-03 00:17:57] Row 4: Failed to create user charlie@example.com: HTTP 403
[2025-04-03 00:17:57] Row 5: Skipped due to missing fields (role): {'name': 'Gayan', 'email': 'gayan@example.com', 'role': ''}
[2025-04-03 00:17:57] Row 6: Skipped due to missing fields (name): {'name': '', 'email': 'chiran@example.com', 'role': 'user'}
[2025-04-03 00:17:57] Row 7: Skipped due to invalid email format: Sithum$example.com
[2025-04-03 00:17:57] Row 8: Skipped due to invalid role 'guest'. Must be one of user, admin, moderator
[2025-04-03 00:17:57] Row 9: Skipped due to invalid name format: 'Vihanga&777'
[2025-04-03 00:17:57] ********** User creation process finished. **********
[2025-04-03 00:17:57] Total users attempted: 8
[2025-04-03 00:17:57] Users created successfully: 0
[2025-04-03 00:17:57] Users failed: 8
[2025-04-03 00:20:57] ********** User creation process started. **********
[2025-04-03 00:20:58] Row 2: Failed to create user alice@example.com: HTTP 403
[2025-04-03 00:20:58] Row 3: Skipped due to missing fields (email): {'name': 'Bob', 'email': '', 'role': 'user'}
[2025-04-03 00:20:59] Row 4: Failed to create user charlie@example.com: HTTP 403
[2025-04-03 00:20:59] Row 5: Skipped due to missing fields (role): {'name': 'Gayan', 'email': 'gayan@example.com', 'role': ''}
[2025-04-03 00:20:59] Row 6: Skipped due to missing fields (name): {'name': '', 'email': 'chiran@example.com', 'role': 'user'}
[2025-04-03 00:20:59] Row 7: Skipped due to invalid email format: Sithum$example.com
[2025-04-03 00:20:59] Row 8: Skipped due to invalid role 'guest'. Must be one of moderator, admin, user
[2025-04-03 00:20:59] Row 9: Skipped due to invalid name format: 'Vihanga&777'
[2025-04-03 00:21:00] Row 10: Failed to create user fathima@example.com: HTTP 403
[2025-04-03 00:21:00] ********** User creation process finished. **********
[2025-04-03 00:21:00] Total users attempted: 9
[2025-04-03 00:21:00] Users created successfully: 0
[2025-04-03 00:21:00] Users failed: 9
[2025-04-03 00:23:46] ********** User creation process started. **********
[2025-04-03 00:23:47] Row 2: Attempt 1: Failed to create user alice@example.com: HTTP 403
[2025-04-03 00:23:50] Row 2: Attempt 2: Failed to create user alice@example.com: HTTP 403
[2025-04-03 00:23:53] Row 2: Attempt 3: Failed to create user alice@example.com: HTTP 403
[2025-04-03 00:23:53] Row 3: Skipped due to missing fields (email): {'name': 'Bob', 'email': '', 'role': 'user'}
[2025-04-03 00:23:54] Row 4: Attempt 1: Failed to create user charlie@example.com: HTTP 403
[2025-04-03 00:23:56] Row 4: Attempt 2: Failed to create user charlie@example.com: HTTP 403
[2025-04-03 00:23:59] Row 4: Attempt 3: Failed to create user charlie@example.com: HTTP 403
[2025-04-03 00:23:59] Row 5: Skipped due to missing fields (role): {'name': 'Gayan', 'email': 'gayan@example.com', 'role': ''}
[2025-04-03 00:23:59] Row 6: Skipped due to missing fields (name): {'name': '', 'email': 'chiran@example.com', 'role': 'user'}
[2025-04-03 00:23:59] Row 7: Skipped due to invalid email format: Sithum$example.com
[2025-04-03 00:23:59] Row 8: Skipped due to invalid role 'guest'. Must be one of user, moderator, admin
[2025-04-03 00:23:59] Row 9: Skipped due to invalid name format: 'Vihanga&777'
[2025-04-03 00:24:00] Row 10: Attempt 1: Failed to create user fathima@example.com: HTTP 403
[2025-04-03 00:24:03] Row 10: Attempt 2: Failed to create user fathima@example.com: HTTP 403
[2025-04-03 00:24:06] Row 10: Attempt 3: Failed to create user fathima@example.com: HTTP 403
[2025-04-03 00:24:06] ********** User creation process finished. **********
[2025-04-03 00:24:06] Total users attempted: 9
[2025-04-03 00:24:06] Users created successfully: 0
[2025-04-03 00:24:06] Users failed: 9
[2025-04-03 00:26:18] ********** User creation process started. **********
[2025-04-03 00:26:19] Row 2: Attempt 1: Failed to create user alice@example.com: HTTP 403
[2025-04-03 00:26:22] Row 2: Attempt 2: Failed to create user alice@example.com: HTTP 403
[2025-04-03 00:26:25] Row 2: Attempt 3: Failed to create user alice@example.com: HTTP 403
[2025-04-03 00:26:25] Row 3: Skipped due to missing fields (email): {'name': 'Bob', 'email': '', 'role': 'user'}
[2025-04-03 00:26:26] Row 4: Attempt 1: Failed to create user charlie@example.com: HTTP 403
[2025-04-03 00:26:29] Row 4: Attempt 2: Failed to create user charlie@example.com: HTTP 403
[2025-04-03 00:26:32] Row 4: Attempt 3: Failed to create user charlie@example.com: HTTP 403
[2025-04-03 00:26:32] Row 5: Skipped due to missing fields (role): {'name': 'Gayan', 'email': 'gayan@example.com', 'role': ''}
[2025-04-03 00:26:32] Row 6: Skipped due to missing fields (name): {'name': '', 'email': 'chiran@example.com', 'role': 'user'}
[2025-04-03 00:26:32] Row 7: Skipped due to invalid email format: Sithum$example.com
[2025-04-03 00:26:32] Row 8: Skipped due to invalid role 'guest'. Must be one of moderator, admin, user
[2025-04-03 00:26:32] Row 9: Skipped empty line.
[2025-04-03 00:26:32] Row 10: Skipped due to invalid name format: 'Vihanga&777'
[2025-04-03 00:26:33] Row 11: Attempt 1: Failed to create user fathima@example.com: HTTP 403
[2025-04-03 00:26:36] Row 11: Attempt 2: Failed to create user fathima@example.com: HTTP 403
[2025-04-03 00:26:38] Row 11: Attempt 3: Failed to create user fathima@example.com: HTTP 403
[2025-04-03 00:26:38] ********** User creation process finished. **********
[2025-04-03 00:26:38] Total users attempted: 9
[2025-04-03 00:26:38] Users created successfully: 0
[2025-04-03 00:26:38] Users failed: 9
